20:32:16.389 skipping bootstrap configuration: could not find or read file: classpath:karate-config.js
20:32:17.593 request:
1 > POST https://reqres.in/api/users?delay=3
1 > Accept: application/json
1 > Accept-Encoding: gzip,deflate
1 > Connection: Keep-Alive
1 > Content-Length: 34
1 > Content-Type: application/json; charset=UTF-8
1 > Host: reqres.in
1 > User-Agent: Apache-HttpClient/4.5.12 (Java/1.8.0_281)
{"name":"morpheus","job":"leader"}

20:32:21.979 response time in milliseconds: 4382.87
1 < 201
1 < Access-Control-Allow-Origin: *
1 < CF-Cache-Status: DYNAMIC
1 < CF-RAY: 62ce253fefcf4f99-JNB
1 < Connection: keep-alive
1 < Content-Length: 83
1 < Content-Type: application/json; charset=utf-8
1 < Date: Mon, 08 Mar 2021 18:32:22 GMT
1 < Etag: W/"53-41t7Km++qjtcjYrgg9UzD7c/850"
1 < Expect-CT: max-age=604800, report-uri="https://report-uri.cloudflare.com/cdn-cgi/beacon/expect-ct"
1 < NEL: {"max_age":604800,"report_to":"cf-nel"}
1 < Report-To: {"endpoints":[{"url":"https:\/\/a.nel.cloudflare.com\/report?s=Vr5%2BGxbXVdhve2H2zLy%2FRap0aL4eQgD2a0mGRrZskinyNYcyUhtjX%2BRbcYj4c1KyObuyv6jdbk4gb9nho%2BCp%2BecY9aTW40ikLfY%3D"}],"group":"cf-nel","max_age":604800}
1 < Server: cloudflare
1 < Set-Cookie: __cfduid=d788244134c502c1b3dfda7f13ea9f3361615228339; expires=Wed, 07-Apr-21 18:32:19 GMT; path=/; domain=.reqres.in; HttpOnly; SameSite=Lax; Secure
1 < Via: 1.1 vegur
1 < X-Powered-By: Express
1 < cf-request-id: 08b4b59bf400004f9911019000000001
{"name":"morpheus","job":"leader","id":"65","createdAt":"2021-03-08T18:32:22.466Z"}

20:32:22.001 skipping bootstrap configuration: could not find or read file: classpath:karate-config.js
20:32:22.025 request:
1 > POST https://reqres.in/api/register
1 > Accept-Encoding: gzip,deflate
1 > Connection: Keep-Alive
1 > Content-Length: 50
1 > Content-Type: application/json; charset=UTF-8
1 > Host: reqres.in
1 > User-Agent: Apache-HttpClient/4.5.12 (Java/1.8.0_281)
{"email":"eve.holt@reqres.in","password":"pistol"}

20:32:22.701 response time in milliseconds: 674.40
1 < 200
1 < Access-Control-Allow-Origin: *
1 < CF-Cache-Status: DYNAMIC
1 < CF-RAY: 62ce25573acb4f75-JNB
1 < Connection: keep-alive
1 < Content-Length: 36
1 < Content-Type: application/json; charset=utf-8
1 < Date: Mon, 08 Mar 2021 18:32:23 GMT
1 < Etag: W/"24-4iP0za1geN2he+ohu8F0FhCjLks"
1 < Expect-CT: max-age=604800, report-uri="https://report-uri.cloudflare.com/cdn-cgi/beacon/expect-ct"
1 < NEL: {"max_age":604800,"report_to":"cf-nel"}
1 < Report-To: {"endpoints":[{"url":"https:\/\/a.nel.cloudflare.com\/report?s=KVBHcEnrVDdIioiHGCcWzwXYiBvOfiU8JmZFAL8fLJwi50a2kwPJbjzl5hFCUSXAZfsOS6Jz%2F8T%2FGCNYir7m4Tm2G9HsangdMBA%3D"}],"group":"cf-nel","max_age":604800}
1 < Server: cloudflare
1 < Set-Cookie: __cfduid=d2c5fc5e09d399a8b77cceaef31f8fc9c1615228342; expires=Wed, 07-Apr-21 18:32:22 GMT; path=/; domain=.reqres.in; HttpOnly; SameSite=Lax; Secure
1 < Via: 1.1 vegur
1 < X-Powered-By: Express
1 < cf-request-id: 08b4b5aa8100004f756b135000000001
{"id":4,"token":"QpwL5tke4Pnpja7X4"}

20:32:22.710 [print] --- Maheshbabu {
  "id": 4,
  "token": "QpwL5tke4Pnpja7X4"
}

20:32:22.720 skipping bootstrap configuration: could not find or read file: classpath:karate-config.js
20:32:22.733 request:
1 > POST https://reqres.in/api/login
1 > Accept-Encoding: gzip,deflate
1 > Connection: Keep-Alive
1 > Content-Length: 54
1 > Content-Type: application/json; charset=UTF-8
1 > Host: reqres.in
1 > User-Agent: Apache-HttpClient/4.5.12 (Java/1.8.0_281)
{"email":"eve.holt@reqres.in","password":"cityslicka"}

20:32:23.387 response time in milliseconds: 651.84
1 < 200
1 < Access-Control-Allow-Origin: *
1 < CF-Cache-Status: DYNAMIC
1 < CF-RAY: 62ce255c1f9c4f8d-JNB
1 < Connection: keep-alive
1 < Content-Length: 29
1 < Content-Type: application/json; charset=utf-8
1 < Date: Mon, 08 Mar 2021 18:32:24 GMT
1 < Etag: W/"1d-lGCrvD6B7Qzk11+2C98+nGhhuec"
1 < Expect-CT: max-age=604800, report-uri="https://report-uri.cloudflare.com/cdn-cgi/beacon/expect-ct"
1 < NEL: {"max_age":604800,"report_to":"cf-nel"}
1 < Report-To: {"group":"cf-nel","endpoints":[{"url":"https:\/\/a.nel.cloudflare.com\/report?s=mUolkiJLJaMRgxfsPkeGtjHcfmdANLFi8c0IJMd630MSvihFn8fFK2%2Fb3XDnhnmzVcN%2F84giTae%2BBZvIs3NfDh9SAYHSqlJ64Lw%3D"}],"max_age":604800}
1 < Server: cloudflare
1 < Set-Cookie: __cfduid=d6e083de0a2373b80dc5794f56740e3c21615228343; expires=Wed, 07-Apr-21 18:32:23 GMT; path=/; domain=.reqres.in; HttpOnly; SameSite=Lax; Secure
1 < Via: 1.1 vegur
1 < X-Powered-By: Express
1 < cf-request-id: 08b4b5ad9100004f8d53904000000001
{"token":"QpwL5tke4Pnpja7X4"}

20:32:23.457 [print] {
  "token": "QpwL5tke4Pnpja7X4"
}

20:32:23.488 skipping bootstrap configuration: could not find or read file: classpath:karate-config.js
20:32:23.499 request:
1 > POST https://reqres.in/api/login
1 > Accept-Encoding: gzip,deflate
1 > Connection: Keep-Alive
1 > Content-Length: 24
1 > Content-Type: application/json; charset=UTF-8
1 > Host: reqres.in
1 > User-Agent: Apache-HttpClient/4.5.12 (Java/1.8.0_281)
{"email":"peter@klaven"}

20:32:25.119 response time in milliseconds: 1618.40
1 < 400
1 < Access-Control-Allow-Origin: *
1 < CF-Cache-Status: DYNAMIC
1 < CF-RAY: 62ce2566dd564fc5-JNB
1 < Connection: keep-alive
1 < Content-Length: 28
1 < Content-Type: application/json; charset=utf-8
1 < Date: Mon, 08 Mar 2021 18:32:25 GMT
1 < Etag: W/"1c-NmpazMScs9tOqR7eDEesn+pqC9Q"
1 < Expect-CT: max-age=604800, report-uri="https://report-uri.cloudflare.com/cdn-cgi/beacon/expect-ct"
1 < NEL: {"max_age":604800,"report_to":"cf-nel"}
1 < Report-To: {"group":"cf-nel","endpoints":[{"url":"https:\/\/a.nel.cloudflare.com\/report?s=tRQfaZxujmKnoK5KcUiVIgJGOJ8rBp2iEMjIEINCp%2BkoK48LnwhKCFvLoyY2MsIAlaFW7VCRCiF0h4AgPe5gdgHEAahkieQiBjY%3D"}],"max_age":604800}
1 < Server: cloudflare
1 < Set-Cookie: __cfduid=d8f0cca2e7d328d7655c42ce9c9e5c0d91615228345; expires=Wed, 07-Apr-21 18:32:25 GMT; path=/; domain=.reqres.in; HttpOnly; SameSite=Lax; Secure
1 < Via: 1.1 vegur
1 < X-Powered-By: Express
1 < cf-request-id: 08b4b5b44b00004fc53f3a5000000001
{"error":"Missing password"}

20:32:25.120 [print] {
  "error": "Missing password"
}

20:32:25.418 skipping bootstrap configuration: could not find or read file: classpath:karate-config.js
20:32:25.426 request:
1 > POST https://reqres.in/api/users?delay=3
1 > Accept: application/json
1 > Accept-Encoding: gzip,deflate
1 > Connection: Keep-Alive
1 > Content-Length: 34
1 > Content-Type: application/json; charset=UTF-8
1 > Host: reqres.in
1 > User-Agent: Apache-HttpClient/4.5.12 (Java/1.8.0_281)
{"name":"morpheus","job":"leader"}

20:32:29.094 response time in milliseconds: 3664.69
1 < 201
1 < Access-Control-Allow-Origin: *
1 < CF-Cache-Status: DYNAMIC
1 < CF-RAY: 62ce256cc9a1ac7c-JNB
1 < Connection: keep-alive
1 < Content-Length: 84
1 < Content-Type: application/json; charset=utf-8
1 < Date: Mon, 08 Mar 2021 18:32:29 GMT
1 < Etag: W/"54-slelU6t73TW8OR+Yy58Pd0Qu7OU"
1 < Expect-CT: max-age=604800, report-uri="https://report-uri.cloudflare.com/cdn-cgi/beacon/expect-ct"
1 < NEL: {"max_age":604800,"report_to":"cf-nel"}
1 < Report-To: {"group":"cf-nel","endpoints":[{"url":"https:\/\/a.nel.cloudflare.com\/report?s=T4zbMgE5GjyV5a9U5lFRso3tOzod%2BRDisYtGXRPvWpIcksoeLUEd8fm4e%2FKf7pyscaGLa3BgR4%2F%2BPYt8TJiny8NZNTMHlUf9ndQ%3D"}],"max_age":604800}
1 < Server: cloudflare
1 < Set-Cookie: __cfduid=d0d7e5c505616e93add951a3a54b7af4b1615228346; expires=Wed, 07-Apr-21 18:32:26 GMT; path=/; domain=.reqres.in; HttpOnly; SameSite=Lax; Secure
1 < Via: 1.1 vegur
1 < X-Powered-By: Express
1 < cf-request-id: 08b4b5b7f90000ac7ce79df000000001
{"name":"morpheus","job":"leader","id":"278","createdAt":"2021-03-08T18:32:29.631Z"}

5Z"}

004f756eabb000000001
{"name":"morpheus","job":"leader","id":"739","createdAt":"2021-03-08T18:22:53.881Z"}

e, contributions towards server costs are appreciated!",
    "url": "https://reqres.in/#support-heading"
  }
}

